
Rueckmeldung bei einricht spandsp:
Metadaten von Repository 'Aktualisierungs-Repository (DEBUG)' abrufen [..fertig]
Cache für Repository 'Aktualisierungs-Repository (DEBUG)' erzeugen [....fertig]
Metadaten von Repository 'Hauptaktualisierungs-Repository' abrufen [.......fertig]
Cache für Repository 'Hauptaktualisierungs-Repository' erzeugen [....fertig]
Metadaten von Repository 'Aktualisierungs-Repository (Debug)' abrufen [.fertig]
Cache für Repository 'Aktualisierungs-Repository (Debug)' erzeugen [....fertig]
Metadaten von Repository 'Hauptaktualisierungs-Repository' abrufen [.fertig]
Cache für Repository 'Hauptaktualisierungs-Repository' erzeugen [....fertig]
Repository-Daten werden geladen...
Installierte Pakete werden gelesen...
IP: ''

Rueckmeldung bei einricht spandsp:
Repository-Daten werden geladen...
Installierte Pakete werden gelesen...
IP: ''

Rueckmeldung bei einricht spandsp:
IP: ''

Rueckmeldung bei einricht spandsp-devel:
Repository-Daten werden geladen...
Installierte Pakete werden gelesen...
Installation von 'spandsp-devel-0.0.6-lp151.2.2.x86_64' aus Repository 'Haupt-Repository (OSS)' wird erzwungen.
Paketabhängigkeiten werden aufgelöst...

Das folgende NEUE Paket wird installiert:
  spandsp-devel

1 neues Paket zu installieren.
Gesamtgröße des Downloads: 146,8 KiB. Bereits im Cache gespeichert: 0 B. Nach der Operation werden zusätzlich 843,7 KiB belegt.
Fortfahren? [j/n/v/...? zeigt alle Optionen] (j): j
Paket spandsp-devel-0.0.6-lp151.2.2.x86_64 abrufen (1/1), 146,8 KiB (843,7 KiB entpackt)
Abrufen: spandsp-devel-0.0.6-lp151.2.2.x86_64.rpm [.fertig]
Überprüfung auf Dateikonflikte läuft: [....fertig]
(1/1) Installieren: spandsp-devel-0.0.6-lp151.2.2.x86_64 [............fertig]
IP: ''

Rueckmeldung bei einricht cscope:
Repository-Daten werden geladen...
Installierte Pakete werden gelesen...
Installation von 'cscope-15.8b-lp151.2.3.x86_64' aus Repository 'Haupt-Repository (OSS)' wird erzwungen.
Paketabhängigkeiten werden aufgelöst...

Das folgende NEUE Paket wird installiert:
  cscope

1 neues Paket zu installieren.
Gesamtgröße des Downloads: 0 B. Bereits im Cache gespeichert: 204,6 KiB. Nach der Operation werden zusätzlich 1,2 MiB belegt.
Fortfahren? [j/n/v/...? zeigt alle Optionen] (j): j
Im Cache cscope-15.8b-lp151.2.3.x86_64.rpm (1/1), 204,6 KiB (  1,2 MiB entpackt)
Überprüfung auf Dateikonflikte läuft: [.......fertig]
(1/1) Installieren: cscope-15.8b-lp151.2.3.x86_64 [............fertig]
IP: ''

Rueckmeldung bei einricht libsnd-devel:
Repository-Daten werden geladen...
Installierte Pakete werden gelesen...
IP: ''

Rueckmeldung bei einricht libsndfile-devel:
Repository-Daten werden geladen...
Installierte Pakete werden gelesen...
Installation von 'libsndfile-devel-1.0.28-lp151.4.3.x86_64' aus Repository 'Haupt-Repository (OSS)' wird erzwungen.
Paketabhängigkeiten werden aufgelöst...

Das folgende NEUE Paket wird installiert:
  libsndfile-devel

1 neues Paket zu installieren.
Gesamtgröße des Downloads: 163,3 KiB. Bereits im Cache gespeichert: 0 B. Nach der Operation werden zusätzlich 610,6 KiB belegt.
Fortfahren? [j/n/v/...? zeigt alle Optionen] (j): j
Paket libsndfile-devel-1.0.28-lp151.4.3.x86_64 abrufen (1/1), 163,3 KiB (610,6 KiB entpackt)
Abrufen: libsndfile-devel-1.0.28-lp151.4.3.x86_64.rpm [.fertig (600,4 KiB/s)]
Überprüfung auf Dateikonflikte läuft: [.......fertig]
(1/1) Installieren: libsndfile-devel-1.0.28-lp151.4.3.x86_64 [...........fertig]
IP: ''

Rueckmeldung bei einricht libgssdp-devel:
Repository-Daten werden geladen...
Installierte Pakete werden gelesen...
Installation von 'libgssdp-devel-1.0.2-lp151.2.2.x86_64' aus Repository 'Haupt-Repository (OSS)' wird erzwungen.
Paketabhängigkeiten werden aufgelöst...

Die folgenden 2 NEUEN Pakete werden installiert:
  libgssdp-devel typelib-1_0-GSSDP-1_0

2 neue Pakete zu installieren.
Gesamtgröße des Downloads: 63,6 KiB. Bereits im Cache gespeichert: 0 B. Nach der Operation werden zusätzlich 204,9 KiB belegt.
Fortfahren? [j/n/v/...? zeigt alle Optionen] (j): j
Paket typelib-1_0-GSSDP-1_0-1.0.2-lp151.2.2.x86_64 abrufen (1/2),  20,7 KiB (  5,8 KiB entpackt)
Abrufen: typelib-1_0-GSSDP-1_0-1.0.2-lp151.2.2.x86_64.rpm [.fertig (989 B/s)]
Paket libgssdp-devel-1.0.2-lp151.2.2.x86_64 abrufen (2/2),  42,9 KiB (199,1 KiB entpackt)
Abrufen: libgssdp-devel-1.0.2-lp151.2.2.x86_64.rpm [fertig]
Überprüfung auf Dateikonflikte läuft: [....fertig]
(1/2) Installieren: typelib-1_0-GSSDP-1_0-1.0.2-lp151.2.2.x86_64 [....fertig]
(2/2) Installieren: libgssdp-devel-1.0.2-lp151.2.2.x86_64 [.........fertig]
IP: ''

Rueckmeldung bei einricht libgssdp-devel:
Repository-Daten werden geladen...
Installierte Pakete werden gelesen...
Installation von 'libgssdp-devel-1.0.2-lp151.2.2.x86_64' aus Repository 'Haupt-Repository (OSS)' wird erzwungen.
Paketabhängigkeiten werden aufgelöst...

Das folgende Paket wird erneut installiert:
  libgssdp-devel

1 zu installierendes Paket.
Gesamtgröße des Downloads: 0 B. Bereits im Cache gespeichert: 42,9 KiB. Nach diesem Vorgang wird kein zusätzlicher Speicherplatz belegt oder freigegeben.
Fortfahren? [j/n/v/...? zeigt alle Optionen] (j): j
Im Cache libgssdp-devel-1.0.2-lp151.2.2.x86_64.rpm (1/1),  42,9 KiB (199,1 KiB entpackt)
Überprüfung auf Dateikonflikte läuft: [....fertig]
(1/1) Installieren: libgssdp-devel-1.0.2-lp151.2.2.x86_64 [.........fertig]
IP: ''

Rueckmeldung bei einricht libgssdp-devel:
Repository-Daten werden geladen...
Installierte Pakete werden gelesen...
Installation von 'libgssdp-devel-1.0.2-lp151.2.2.x86_64' aus Repository 'Haupt-Repository (OSS)' wird erzwungen.
Paketabhängigkeiten werden aufgelöst...

Das folgende Paket wird erneut installiert:
  libgssdp-devel

1 zu installierendes Paket.
Gesamtgröße des Downloads: 0 B. Bereits im Cache gespeichert: 42,9 KiB. Nach diesem Vorgang wird kein zusätzlicher Speicherplatz belegt oder freigegeben.
Fortfahren? [j/n/v/...? zeigt alle Optionen] (j): j
Im Cache libgssdp-devel-1.0.2-lp151.2.2.x86_64.rpm (1/1),  42,9 KiB (199,1 KiB entpackt)
Überprüfung auf Dateikonflikte läuft: [....fertig]
(1/1) Installieren: libgssdp-devel-1.0.2-lp151.2.2.x86_64 [.........fertig]
IP: ''

Rueckmeldung bei einricht libcapi20-3:
Repository-Daten werden geladen...
Installierte Pakete werden gelesen...
Installation von 'libcapi20-3-2011.8.29-lp151.7.57.x86_64' aus Repository 'Haupt-Repository (OSS)' wird erzwungen.
Paketabhängigkeiten werden aufgelöst...

Das folgende Paket wird erneut installiert:
  libcapi20-3

1 zu installierendes Paket.
Gesamtgröße des Downloads: 0 B. Bereits im Cache gespeichert: 26,0 KiB. Nach diesem Vorgang wird kein zusätzlicher Speicherplatz belegt oder freigegeben.
Fortfahren? [j/n/v/...? zeigt alle Optionen] (j): j
Im Cache libcapi20-3-2011.8.29-lp151.7.57.x86_64.rpm (1/1),  26,0 KiB ( 50,6 KiB entpackt)
Überprüfung auf Dateikonflikte läuft: [...fertig]
(1/1) Installieren: libcapi20-3-2011.8.29-lp151.7.57.x86_64 [.....fertig]
IP: ''

Rueckmeldung bei einricht libgssdp-devel:
Repository-Daten werden geladen...
Installierte Pakete werden gelesen...
Installation von 'libgssdp-devel-1.0.2-lp151.2.2.x86_64' aus Repository 'Haupt-Repository (OSS)' wird erzwungen.
Paketabhängigkeiten werden aufgelöst...

Das folgende Paket wird erneut installiert:
  libgssdp-devel

1 zu installierendes Paket.
Gesamtgröße des Downloads: 0 B. Bereits im Cache gespeichert: 42,9 KiB. Nach diesem Vorgang wird kein zusätzlicher Speicherplatz belegt oder freigegeben.
Fortfahren? [j/n/v/...? zeigt alle Optionen] (j): j
Im Cache libgssdp-devel-1.0.2-lp151.2.2.x86_64.rpm (1/1),  42,9 KiB (199,1 KiB entpackt)
Überprüfung auf Dateikonflikte läuft: [....fertig]
(1/1) Installieren: libgssdp-devel-1.0.2-lp151.2.2.x86_64 [.........fertig]
IP: ''

Rueckmeldung bei einricht libcapi20-3:
Repository-Daten werden geladen...
Installierte Pakete werden gelesen...
Installation von 'libcapi20-3-2011.8.29-lp151.7.57.x86_64' aus Repository 'Haupt-Repository (OSS)' wird erzwungen.
Paketabhängigkeiten werden aufgelöst...

Das folgende Paket wird erneut installiert:
  libcapi20-3

1 zu installierendes Paket.
Gesamtgröße des Downloads: 0 B. Bereits im Cache gespeichert: 26,0 KiB. Nach diesem Vorgang wird kein zusätzlicher Speicherplatz belegt oder freigegeben.
Fortfahren? [j/n/v/...? zeigt alle Optionen] (j): j
Im Cache libcapi20-3-2011.8.29-lp151.7.57.x86_64.rpm (1/1),  26,0 KiB ( 50,6 KiB entpackt)
Überprüfung auf Dateikonflikte läuft: [...fertig]
(1/1) Installieren: libcapi20-3-2011.8.29-lp151.7.57.x86_64 [.....fertig]
IP: ''

Rueckmeldung bei einricht libcapi20-3:
Repository-Daten werden geladen...
Installierte Pakete werden gelesen...
Installation von 'libcapi20-3-2011.8.29-lp151.7.57.x86_64' aus Repository 'Haupt-Repository (OSS)' wird erzwungen.
Paketabhängigkeiten werden aufgelöst...

Das folgende Paket wird erneut installiert:
  libcapi20-3

1 zu installierendes Paket.
Gesamtgröße des Downloads: 0 B. Bereits im Cache gespeichert: 26,0 KiB. Nach diesem Vorgang wird kein zusätzlicher Speicherplatz belegt oder freigegeben.
Fortfahren? [j/n/v/...? zeigt alle Optionen] (j): j
Im Cache libcapi20-3-2011.8.29-lp151.7.57.x86_64.rpm (1/1),  26,0 KiB ( 50,6 KiB entpackt)
Überprüfung auf Dateikonflikte läuft: [...fertig]
(1/1) Installieren: libcapi20-3-2011.8.29-lp151.7.57.x86_64 [.....fertig]
IP: ''

Rueckmeldung bei einricht libcapi20-3 capi4linux:
Repository-Daten werden geladen...
Installierte Pakete werden gelesen...
Installation von 'capi4linux-2011.8.29-lp151.7.57.x86_64' aus Repository 'Haupt-Repository (OSS)' wird erzwungen.
Installation von 'libcapi20-3-2011.8.29-lp151.7.57.x86_64' aus Repository 'Haupt-Repository (OSS)' wird erzwungen.
Paketabhängigkeiten werden aufgelöst...

Die folgenden 2 NEUEN Pakete werden installiert:
  capi4linux libcapi20-3

2 neue Pakete zu installieren.
Gesamtgröße des Downloads: 0 B. Bereits im Cache gespeichert: 138,8 KiB. Nach der Operation werden zusätzlich 361,7 KiB belegt.
Fortfahren? [j/n/v/...? zeigt alle Optionen] (j): j
Im Cache libcapi20-3-2011.8.29-lp151.7.57.x86_64.rpm (1/2),  26,0 KiB ( 50,6 KiB entpackt)
Im Cache capi4linux-2011.8.29-lp151.7.57.x86_64.rpm (2/2), 112,9 KiB (311,1 KiB entpackt)
Überprüfung auf Dateikonflikte läuft: [......fertig]
(1/2) Installieren: libcapi20-3-2011.8.29-lp151.7.57.x86_64 [.....fertig]
(2/2) Installieren: capi4linux-2011.8.29-lp151.7.57.x86_64 [...........fertig]
IP: ''

Rueckmeldung bei einricht glib-2.0:
Repository-Daten werden geladen...
Installierte Pakete werden gelesen...
IP: ''

Rueckmeldung bei einricht libtermcap:
Repository-Daten werden geladen...
Installierte Pakete werden gelesen...
IP: ''

Rueckmeldung bei einricht termcap:
Repository-Daten werden geladen...
Installierte Pakete werden gelesen...
Installation von 'termcap-2.0.8-lp151.1027.3.x86_64' aus Repository 'Haupt-Repository (OSS)' wird erzwungen.
Paketabhängigkeiten werden aufgelöst...

Das folgende NEUE Paket wird installiert:
  termcap

1 neues Paket zu installieren.
Gesamtgröße des Downloads: 0 B. Bereits im Cache gespeichert: 187,9 KiB. Nach der Operation werden zusätzlich 579,7 KiB belegt.
Fortfahren? [j/n/v/...? zeigt alle Optionen] (j): j
Im Cache termcap-2.0.8-lp151.1027.3.x86_64.rpm (1/1), 187,9 KiB (579,7 KiB entpackt)
Überprüfung auf Dateikonflikte läuft: [...fertig]
(1/1) Installieren: termcap-2.0.8-lp151.1027.3.x86_64 [............fertig]
IP: ''

Rueckmeldung bei einricht libcapi20-3:
Repository-Daten werden geladen...
Installierte Pakete werden gelesen...
Installation von 'libcapi20-3-2011.8.29-lp151.7.57.x86_64' aus Repository 'openSUSE-Leap-15.1-1' wird erzwungen.
Paketabhängigkeiten werden aufgelöst...

Das folgende Paket wird erneut installiert:
  libcapi20-3

1 zu installierendes Paket.
Gesamtgröße des Downloads: 0 B. Bereits im Cache gespeichert: 26,0 KiB. Nach diesem Vorgang wird kein zusätzlicher Speicherplatz belegt oder freigegeben.
Fortfahren? [j/n/v/...? zeigt alle Optionen] (j): j
Im Cache libcapi20-3-2011.8.29-lp151.7.57.x86_64.rpm (1/1),  26,0 KiB ( 50,6 KiB entpackt)

Überprüfung auf Dateikonflikte läuft: [...fertig]
(1/1) Installieren: libcapi20-3-2011.8.29-lp151.7.57.x86_64 [.....fertig]
IP: ''

Rueckmeldung bei einricht libcapi20-3:
Repository-Daten werden geladen...
Installierte Pakete werden gelesen...
Installation von 'libcapi20-3-2011.8.29-lp151.7.57.x86_64' aus Repository 'openSUSE-Leap-15.1-1' wird erzwungen.
Paketabhängigkeiten werden aufgelöst...

Das folgende Paket wird erneut installiert:
  libcapi20-3

1 zu installierendes Paket.
Gesamtgröße des Downloads: 0 B. Bereits im Cache gespeichert: 26,0 KiB. Nach diesem Vorgang wird kein zusätzlicher Speicherplatz belegt oder freigegeben.
Fortfahren? [j/n/v/...? zeigt alle Optionen] (j): j
Im Cache libcapi20-3-2011.8.29-lp151.7.57.x86_64.rpm (1/1),  26,0 KiB ( 50,6 KiB entpackt)

Überprüfung auf Dateikonflikte läuft: [...fertig]
(1/1) Installieren: libcapi20-3-2011.8.29-lp151.7.57.x86_64 [.....fertig]
IP: ''

Rueckmeldung bei einricht libcapi20-3:
Repository-Daten werden geladen...
Installierte Pakete werden gelesen...
Installation von 'libcapi20-3-2011.8.29-lp151.7.57.x86_64' aus Repository 'openSUSE-Leap-15.1-1' wird erzwungen.
Paketabhängigkeiten werden aufgelöst...

Das folgende Paket wird erneut installiert:
  libcapi20-3

1 zu installierendes Paket.
Gesamtgröße des Downloads: 0 B. Bereits im Cache gespeichert: 26,0 KiB. Nach diesem Vorgang wird kein zusätzlicher Speicherplatz belegt oder freigegeben.
Fortfahren? [j/n/v/...? zeigt alle Optionen] (j): j
Im Cache libcapi20-3-2011.8.29-lp151.7.57.x86_64.rpm (1/1),  26,0 KiB ( 50,6 KiB entpackt)

Überprüfung auf Dateikonflikte läuft: [...fertig]
(1/1) Installieren: libcapi20-3-2011.8.29-lp151.7.57.x86_64 [.....fertig]
IP: ''

Rueckmeldung bei einricht libcapi20-3:
Repository-Daten werden geladen...
Installierte Pakete werden gelesen...
Installation von 'libcapi20-3-2011.8.29-lp151.7.57.x86_64' aus Repository 'openSUSE-Leap-15.1-1' wird erzwungen.
Paketabhängigkeiten werden aufgelöst...

Das folgende Paket wird erneut installiert:
  libcapi20-3

1 zu installierendes Paket.
Gesamtgröße des Downloads: 0 B. Bereits im Cache gespeichert: 26,0 KiB. Nach diesem Vorgang wird kein zusätzlicher Speicherplatz belegt oder freigegeben.
Fortfahren? [j/n/v/...? zeigt alle Optionen] (j): j
Im Cache libcapi20-3-2011.8.29-lp151.7.57.x86_64.rpm (1/1),  26,0 KiB ( 50,6 KiB entpackt)

Überprüfung auf Dateikonflikte läuft: [...fertig]
(1/1) Installieren: libcapi20-3-2011.8.29-lp151.7.57.x86_64 [.....fertig]
IP: ''

Rueckmeldung bei einricht libcapi20-3:
Repository-Daten werden geladen...
Installierte Pakete werden gelesen...
Installation von 'libcapi20-3-2011.8.29-lp151.7.57.x86_64' aus Repository 'openSUSE-Leap-15.1-1' wird erzwungen.
Paketabhängigkeiten werden aufgelöst...

Das folgende Paket wird erneut installiert:
  libcapi20-3

1 zu installierendes Paket.
Gesamtgröße des Downloads: 0 B. Bereits im Cache gespeichert: 26,0 KiB. Nach diesem Vorgang wird kein zusätzlicher Speicherplatz belegt oder freigegeben.
Fortfahren? [j/n/v/...? zeigt alle Optionen] (j): j
Im Cache libcapi20-3-2011.8.29-lp151.7.57.x86_64.rpm (1/1),  26,0 KiB ( 50,6 KiB entpackt)

Überprüfung auf Dateikonflikte läuft: [...fertig]
(1/1) Installieren: libcapi20-3-2011.8.29-lp151.7.57.x86_64 [.....fertig]
IP: ''

Rueckmeldung bei einricht libcapi20-3:
Repository-Daten werden geladen...
Installierte Pakete werden gelesen...
Installation von 'libcapi20-3-2011.8.29-lp151.7.57.x86_64' aus Repository 'openSUSE-Leap-15.1-1' wird erzwungen.
Paketabhängigkeiten werden aufgelöst...

Das folgende Paket wird erneut installiert:
  libcapi20-3

1 zu installierendes Paket.
Gesamtgröße des Downloads: 0 B. Bereits im Cache gespeichert: 26,0 KiB. Nach diesem Vorgang wird kein zusätzlicher Speicherplatz belegt oder freigegeben.
Fortfahren? [j/n/v/...? zeigt alle Optionen] (j): j
Im Cache libcapi20-3-2011.8.29-lp151.7.57.x86_64.rpm (1/1),  26,0 KiB ( 50,6 KiB entpackt)

Überprüfung auf Dateikonflikte läuft: [...fertig]
(1/1) Installieren: libcapi20-3-2011.8.29-lp151.7.57.x86_64 [.....fertig]
IP: ''

Rueckmeldung bei einricht libcapi20-3:
Repository-Daten werden geladen...
Installierte Pakete werden gelesen...
Installation von 'libcapi20-3-2011.8.29-lp151.7.57.x86_64' aus Repository 'openSUSE-Leap-15.1-1' wird erzwungen.
Paketabhängigkeiten werden aufgelöst...

Das folgende Paket wird erneut installiert:
  libcapi20-3

1 zu installierendes Paket.
Gesamtgröße des Downloads: 0 B. Bereits im Cache gespeichert: 26,0 KiB. Nach diesem Vorgang wird kein zusätzlicher Speicherplatz belegt oder freigegeben.
Fortfahren? [j/n/v/...? zeigt alle Optionen] (j): j
Im Cache libcapi20-3-2011.8.29-lp151.7.57.x86_64.rpm (1/1),  26,0 KiB ( 50,6 KiB entpackt)

Überprüfung auf Dateikonflikte läuft: [...fertig]
(1/1) Installieren: libcapi20-3-2011.8.29-lp151.7.57.x86_64 [.....fertig]
IP: ''

Rueckmeldung bei einricht libcapi20-3:
Metadaten von Repository 'Hauptaktualisierungs-Repository' abrufen [......fertig]
Cache für Repository 'Hauptaktualisierungs-Repository' erzeugen [....fertig]
Repository-Daten werden geladen...
Installierte Pakete werden gelesen...
Installation von 'libcapi20-3-2011.8.29-lp151.7.57.x86_64' aus Repository 'openSUSE-Leap-15.1-1' wird erzwungen.
Paketabhängigkeiten werden aufgelöst...

Das folgende Paket wird erneut installiert:
  libcapi20-3

1 zu installierendes Paket.
Gesamtgröße des Downloads: 0 B. Bereits im Cache gespeichert: 26,0 KiB. Nach diesem Vorgang wird kein zusätzlicher Speicherplatz belegt oder freigegeben.
Fortfahren? [j/n/v/...? zeigt alle Optionen] (j): j
Im Cache libcapi20-3-2011.8.29-lp151.7.57.x86_64.rpm (1/1),  26,0 KiB ( 50,6 KiB entpackt)

Überprüfung auf Dateikonflikte läuft: [...fertig]
(1/1) Installieren: libcapi20-3-2011.8.29-lp151.7.57.x86_64 [.....fertig]
IP: ''

Rueckmeldung bei einricht libcom_err-devel:
Repository-Daten werden geladen...
Installierte Pakete werden gelesen...
Installation von 'libcom_err-devel-1.43.8-lp151.5.9.1.x86_64' aus Repository 'Hauptaktualisierungs-Repository' wird erzwungen.
Paketabhängigkeiten werden aufgelöst...

Das folgende NEUE Paket wird installiert:
  libcom_err-devel

1 neues Paket zu installieren.
Gesamtgröße des Downloads: 25,9 KiB. Bereits im Cache gespeichert: 0 B. Nach der Operation werden zusätzlich 26,7 KiB belegt.
Fortfahren? [j/n/v/...? zeigt alle Optionen] (j): j
Paket libcom_err-devel-1.43.8-lp151.5.9.1.x86_64 abrufen (1/1),  25,9 KiB ( 26,7 KiB entpackt)
Abrufen: libcom_err-devel-1.43.8-lp151.5.9.1.x86_64.rpm [fertig]

Überprüfung auf Dateikonflikte läuft: [....fertig]
(1/1) Installieren: libcom_err-devel-1.43.8-lp151.5.9.1.x86_64 [.........fertig]
IP: ''

Rueckmeldung bei einricht libcapi20-3:
Repository-Daten werden geladen...
Installierte Pakete werden gelesen...
Installation von 'libcapi20-3-2011.8.29-lp151.7.57.x86_64' aus Repository 'openSUSE-Leap-15.1-1' wird erzwungen.
Paketabhängigkeiten werden aufgelöst...

Das folgende NEUE Paket wird installiert:
  libcapi20-3

1 neues Paket zu installieren.
Gesamtgröße des Downloads: 0 B. Bereits im Cache gespeichert: 26,0 KiB. Nach der Operation werden zusätzlich 50,6 KiB belegt.
Fortfahren? [j/n/v/...? zeigt alle Optionen] (j): j
Im Cache libcapi20-3-2011.8.29-lp151.7.57.x86_64.rpm (1/1),  26,0 KiB ( 50,6 KiB entpackt)

Überprüfung auf Dateikonflikte läuft: [...fertig]
(1/1) Installieren: libcapi20-3-2011.8.29-lp151.7.57.x86_64 [.....fertig]
IP: ''

Rueckmeldung bei einricht libcapi20-3:
Repository-Daten werden geladen...
Installierte Pakete werden gelesen...
Installation von 'libcapi20-3-2011.8.29-lp151.7.57.x86_64' aus Repository 'openSUSE-Leap-15.1-1' wird erzwungen.
Paketabhängigkeiten werden aufgelöst...

Das folgende NEUE Paket wird installiert:
  libcapi20-3

1 neues Paket zu installieren.
Gesamtgröße des Downloads: 0 B. Bereits im Cache gespeichert: 26,0 KiB. Nach der Operation werden zusätzlich 50,6 KiB belegt.
Fortfahren? [j/n/v/...? zeigt alle Optionen] (j): j
Im Cache libcapi20-3-2011.8.29-lp151.7.57.x86_64.rpm (1/1),  26,0 KiB ( 50,6 KiB entpackt)

Überprüfung auf Dateikonflikte läuft: [...fertig]
(1/1) Installieren: libcapi20-3-2011.8.29-lp151.7.57.x86_64 [.....fertig]
IP: ''

Rueckmeldung bei einricht ctags:
Repository-Daten werden geladen...
Installierte Pakete werden gelesen...
Installation von 'ctags-5.8-lp151.2.3.x86_64' aus Repository 'openSUSE-Leap-15.1-1' wird erzwungen.
Paketabhängigkeiten werden aufgelöst...

Das folgende NEUE Paket wird installiert:
  ctags

1 neues Paket zu installieren.
Gesamtgröße des Downloads: 143,1 KiB. Bereits im Cache gespeichert: 0 B. Nach der Operation werden zusätzlich 337,5 KiB belegt.
Fortfahren? [j/n/v/...? zeigt alle Optionen] (j): j
Paket ctags-5.8-lp151.2.3.x86_64 abrufen (1/1), 143,1 KiB (337,5 KiB entpackt)
Abrufen: ctags-5.8-lp151.2.3.x86_64.rpm [.fertig]

Überprüfung auf Dateikonflikte läuft: [.......fertig]
(1/1) Installieren: ctags-5.8-lp151.2.3.x86_64 [.........fertig]
Zusätzliche rpm-Ausgabe:
update-alternatives: using /usr/bin/ctags-exuberant to provide /usr/bin/ctags (ctags) in auto mode


IP: ''

Rueckmeldung bei einricht global:
Repository-Daten werden geladen...
Installierte Pakete werden gelesen...
Installation von 'global-6.6.1-lp151.2.3.x86_64' aus Repository 'openSUSE-Leap-15.1-1' wird erzwungen.
Paketabhängigkeiten werden aufgelöst...

Die folgenden 5 NEUEN Pakete werden installiert:
  global idutils idutils-lang libpython2_7-1_0 python-base

Die folgenden 2 empfohlenen Pakete wurden automatisch gewählt:
  idutils idutils-lang

5 neue Pakete zu installieren.
Gesamtgröße des Downloads: 7,5 MiB. Bereits im Cache gespeichert: 0 B. Nach der Operation werden zusätzlich 30,6 MiB belegt.
Fortfahren? [j/n/v/...? zeigt alle Optionen] (j): j
Paket idutils-4.6-lp151.2.3.x86_64 abrufen (1/5), 145,3 KiB (896,0 KiB entpackt)
Abrufen: idutils-4.6-lp151.2.3.x86_64.rpm [fertig]
Paket idutils-lang-4.6-lp151.2.3.noarch abrufen (2/5),  54,2 KiB (285,8 KiB entpackt)
Abrufen: idutils-lang-4.6-lp151.2.3.noarch.rpm [.fertig]
Paket libpython2_7-1_0-2.7.14-lp151.10.13.2.x86_64 abrufen (3/5), 818,8 KiB (  2,1 MiB entpackt)
Abrufen: libpython2_7-1_0-2.7.14-lp151.10.13.2.x86_64.rpm [fertig]
Paket python-base-2.7.14-lp151.10.13.2.x86_64 abrufen (4/5),   5,6 MiB ( 23,2 MiB entpackt)
Abrufen: python-base-2.7.14-lp151.10.13.2.x86_64.rpm [.fertig (5,3 MiB/s)]
Paket global-6.6.1-lp151.2.3.x86_64 abrufen (5/5), 849,6 KiB (  4,1 MiB entpackt)
Abrufen: global-6.6.1-lp151.2.3.x86_64.rpm [fertig]

Überprüfung auf Dateikonflikte läuft: [........fertig]
(1/5) Installieren: idutils-4.6-lp151.2.3.x86_64 [............fertig]
(2/5) Installieren: idutils-lang-4.6-lp151.2.3.noarch [..........fertig]
(3/5) Installieren: libpython2_7-1_0-2.7.14-lp151.10.13.2.x86_64 [............fertig]
(4/5) Installieren: python-base-2.7.14-lp151.10.13.2.x86_64 [............fertig]
(5/5) Installieren: global-6.6.1-lp151.2.3.x86_64 [............fertig]
IP: ''

Rueckmeldung bei einricht spandsp-devel:
Loading repository data...
Reading installed packages...
Forcing installation of 'spandsp-devel-0.0.6-lp152.3.6.x86_64' from repository 'openSUSE-Leap-15.2-1'.
Resolving package dependencies...

The following 2 NEW packages are going to be installed:
  libspandsp2 spandsp-devel

2 new packages to install.
Overall download size: 417.2 KiB. Already cached: 0 B. After the operation, additional 1.6 MiB will be used.
Continue? [y/n/v/...? shows all options] (y): y
Retrieving package libspandsp2-0.0.6-lp152.3.6.x86_64 (1/2), 270.4 KiB (796.7 KiB unpacked)
Retrieving: libspandsp2-0.0.6-lp152.3.6.x86_64.rpm [...................................................................................................................................................................................................................error (10 B/s)]
Retrying in 30 seconds...
Retrieving: libspandsp2-0.0.6-lp152.3.6.x86_64.rpm [....done (1.7 KiB/s)]
Retrieving package spandsp-devel-0.0.6-lp152.3.6.x86_64 (2/2), 146.8 KiB (843.7 KiB unpacked)
Retrieving: spandsp-devel-0.0.6-lp152.3.6.x86_64.rpm [.done (166.4 KiB/s)]

Checking for file conflicts: [....done]
(1/2) Installing: libspandsp2-0.0.6-lp152.3.6.x86_64 [............done]
(2/2) Installing: spandsp-devel-0.0.6-lp152.3.6.x86_64 [............done]
IP: ' libspandsp2 spandsp-devel'

Rueckmeldung bei einricht libsoup-devel:
Loading repository data...
Reading installed packages...
Forcing installation of 'libsoup-devel-2.68.3-lp152.2.5.x86_64' from repository 'openSUSE-Leap-15.2-1'.
Resolving package dependencies...

The following 9 NEW packages are going to be installed:
  libbrotli-devel libbrotlienc1 libpsl-devel libsoup-devel libxml2-devel readline-devel sqlite3-devel typelib-1_0-Soup-2_4 xz-devel

9 new packages to install.
Overall download size: 1.0 MiB. Already cached: 0 B. After the operation, additional 5.8 MiB will be used.
Continue? [y/n/v/...? shows all options] (y): y
Retrieving package libbrotlienc1-1.0.7-lp152.1.5.x86_64 (1/9), 204.6 KiB (561.9 KiB unpacked)
Retrieving: libbrotlienc1-1.0.7-lp152.1.5.x86_64.rpm [done]
Retrieving package libpsl-devel-0.20.1-lp152.3.7.x86_64 (2/9),  30.1 KiB (102.6 KiB unpacked)
Retrieving: libpsl-devel-0.20.1-lp152.3.7.x86_64.rpm [.done (729 B/s)]
Retrieving package readline-devel-7.0-lp152.11.80.x86_64 (3/9),  47.6 KiB ( 66.8 KiB unpacked)
Retrieving: readline-devel-7.0-lp152.11.80.x86_64.rpm [done]
Retrieving package sqlite3-devel-3.28.0-lp152.3.5.x86_64 (4/9), 176.7 KiB (579.9 KiB unpacked)
Retrieving: sqlite3-devel-3.28.0-lp152.3.5.x86_64.rpm [.done (1.9 KiB/s)]
Retrieving package typelib-1_0-Soup-2_4-2.68.3-lp152.2.5.x86_64 (5/9),  59.2 KiB (105.3 KiB unpacked)
Retrieving: typelib-1_0-Soup-2_4-2.68.3-lp152.2.5.x86_64.rpm [.done (661.2 KiB/s)]
Retrieving package xz-devel-5.2.3-lp152.5.100.x86_64 (6/9),  43.9 KiB (164.8 KiB unpacked)
Retrieving: xz-devel-5.2.3-lp152.5.100.x86_64.rpm [done]
Retrieving package libbrotli-devel-1.0.7-lp152.1.5.x86_64 (7/9),  32.5 KiB ( 53.0 KiB unpacked)
Retrieving: libbrotli-devel-1.0.7-lp152.1.5.x86_64.rpm [.done (727 B/s)]
Retrieving package libxml2-devel-2.9.7-lp152.9.1.x86_64 (8/9),  94.8 KiB (432.2 KiB unpacked)
Retrieving: libxml2-devel-2.9.7-lp152.9.1.x86_64.rpm [.done (17.1 KiB/s)]
Retrieving package libsoup-devel-2.68.3-lp152.2.5.x86_64 (9/9), 344.8 KiB (  3.8 MiB unpacked)
Retrieving: libsoup-devel-2.68.3-lp152.2.5.x86_64.rpm [.......done]

Checking for file conflicts: [.......done]
(1/9) Installing: libbrotlienc1-1.0.7-lp152.1.5.x86_64 [............done]
(2/9) Installing: libpsl-devel-0.20.1-lp152.3.7.x86_64 [........done]
(3/9) Installing: readline-devel-7.0-lp152.11.80.x86_64 [........done]
(4/9) Installing: sqlite3-devel-3.28.0-lp152.3.5.x86_64 [............done]
(5/9) Installing: typelib-1_0-Soup-2_4-2.68.3-lp152.2.5.x86_64 [......done]
(6/9) Installing: xz-devel-5.2.3-lp152.5.100.x86_64 [...........done]
(7/9) Installing: libbrotli-devel-1.0.7-lp152.1.5.x86_64 [........done]
(8/9) Installing: libxml2-devel-2.9.7-lp152.9.1.x86_64 [...........done]
(9/9) Installing: libsoup-devel-2.68.3-lp152.2.5.x86_64 [............done]
IP: ' libbrotli-devel libbrotlienc1 libpsl-devel libsoup-devel libxml2-devel readline-devel sqlite3-devel typelib-1_0-Soup-2_4 xz-devel'

Rueckmeldung bei einricht libsndfile-devel:
Loading repository data...
Reading installed packages...
Forcing installation of 'libsndfile-devel-1.0.28-lp152.5.5.x86_64' from repository 'openSUSE-Leap-15.2-1'.
Resolving package dependencies...

The following NEW package is going to be installed:
  libsndfile-devel

1 new package to install.
Overall download size: 160.9 KiB. Already cached: 0 B. After the operation, additional 610.6 KiB will be used.
Continue? [y/n/v/...? shows all options] (y): y
Retrieving package libsndfile-devel-1.0.28-lp152.5.5.x86_64 (1/1), 160.9 KiB (610.6 KiB unpacked)
Retrieving: libsndfile-devel-1.0.28-lp152.5.5.x86_64.rpm [..done (207.9 KiB/s)]

Checking for file conflicts: [.......done]
(1/1) Installing: libsndfile-devel-1.0.28-lp152.5.5.x86_64 [...........done]
IP: ' libsndfile-devel'

Rueckmeldung bei einricht libgssdp-devel:
Loading repository data...
Reading installed packages...
Forcing installation of 'libgssdp-devel-1.2.2-lp152.1.4.x86_64' from repository 'openSUSE-Leap-15.2-1'.
Resolving package dependencies...

The following 3 NEW packages are going to be installed:
  libgssdp-1_2-0 libgssdp-devel typelib-1_0-GSSDP-1_0

3 new packages to install.
Overall download size: 110.9 KiB. Already cached: 0 B. After the operation, additional 402.4 KiB will be used.
Continue? [y/n/v/...? shows all options] (y): y
Retrieving package libgssdp-1_2-0-1.2.2-lp152.1.4.x86_64 (1/3),  53.6 KiB (125.4 KiB unpacked)
Retrieving: libgssdp-1_2-0-1.2.2-lp152.1.4.x86_64.rpm [done]
Retrieving package typelib-1_0-GSSDP-1_0-1.2.2-lp152.1.4.x86_64 (2/3),  15.0 KiB (  6.8 KiB unpacked)
Retrieving: typelib-1_0-GSSDP-1_0-1.2.2-lp152.1.4.x86_64.rpm [done]
Retrieving package libgssdp-devel-1.2.2-lp152.1.4.x86_64 (3/3),  42.3 KiB (270.2 KiB unpacked)
Retrieving: libgssdp-devel-1.2.2-lp152.1.4.x86_64.rpm [.done (78.4 KiB/s)]

Checking for file conflicts: [.......done]
(1/3) Installing: libgssdp-1_2-0-1.2.2-lp152.1.4.x86_64 [........done]
(2/3) Installing: typelib-1_0-GSSDP-1_0-1.2.2-lp152.1.4.x86_64 [....done]
(3/3) Installing: libgssdp-devel-1.2.2-lp152.1.4.x86_64 [...........done]
IP: ' libgssdp-1_2-0 libgssdp-devel typelib-1_0-GSSDP-1_0'

Rueckmeldung bei einricht libcapi20-3:
Loading repository data...
Reading installed packages...
Forcing installation of 'libcapi20-3-2011.8.29-lp152.8.37.x86_64' from repository 'openSUSE-Leap-15.2-1'.
Resolving package dependencies...

The following NEW package is going to be installed:
  libcapi20-3

1 new package to install.
Overall download size: 26.0 KiB. Already cached: 0 B. After the operation, additional 50.6 KiB will be used.
Continue? [y/n/v/...? shows all options] (y): y
Retrieving package libcapi20-3-2011.8.29-lp152.8.37.x86_64 (1/1),  26.0 KiB ( 50.6 KiB unpacked)
Retrieving: libcapi20-3-2011.8.29-lp152.8.37.x86_64.rpm [done]

Checking for file conflicts: [...done]
(1/1) Installing: libcapi20-3-2011.8.29-lp152.8.37.x86_64 [.....done]
IP: ' libcapi20-3'

Rueckmeldung bei einricht libcom_err-devel:
Loading repository data...
Reading installed packages...
Forcing installation of 'libcom_err-devel-1.43.8-lp152.11.3.1.x86_64' from repository 'Hauptaktualisierungs-Repository'.
Resolving package dependencies...

The following NEW package is going to be installed:
  libcom_err-devel

1 new package to install.
Overall download size: 27.1 KiB. Already cached: 0 B. After the operation, additional 26.7 KiB will be used.
Continue? [y/n/v/...? shows all options] (y): y
Retrieving package libcom_err-devel-1.43.8-lp152.11.3.1.x86_64 (1/1),  27.1 KiB ( 26.7 KiB unpacked)
Retrieving: libcom_err-devel-1.43.8-lp152.11.3.1.x86_64.rpm [.done (722 B/s)]

Checking for file conflicts: [....done]
(1/1) Installing: libcom_err-devel-1.43.8-lp152.11.3.1.x86_64 [.........done]
IP: ' libcom_err-devel'
